            --------------------------------------------------------
                             AMBER SQM VERSION 19
 
                                     By
              Ross C. Walker, Michael F. Crowley, Scott Brozell,
                         Tim Giese, Andreas W. Goetz,
                        Tai-Sung Lee and David A. Case
 
            --------------------------------------------------------
 

--------------------------------------------------------------------------------
  QM CALCULATION INFO
--------------------------------------------------------------------------------

| QMMM: Citation for AMBER QMMM Run:
| QMMM: R.C. Walker, M.F. Crowley and D.A. Case, J. COMP. CHEM. 29:1019, 2008

QMMM: SINGLET STATE CALCULATION
QMMM: RHF CALCULATION, NO. OF DOUBLY OCCUPIED LEVELS =  4

| QMMM: *** Selected Hamiltonian *** 
| QMMM: AM1         

| QMMM: *** Parameter sets in use ***
| QMMM: O : M.J.S.DEWAR et al. JACS, 107, 3902, (1985)
| QMMM: H : M.J.S.DEWAR et al. JACS, 107, 3902, (1985)

| QMMM: *** SCF convergence criteria ***
| QMMM: Energy change                :  0.1D-09 kcal/mol
| QMMM: Error matrix |FP-PF|         :  0.1D+00 au
| QMMM: Density matrix change        :  0.5D-06
| QMMM: Maximum number of SCF cycles :     1000

| QMMM: *** Diagonalization Routine Information ***
| QMMM: Pseudo diagonalizations are allowed.
| QMMM: Auto diagonalization routine selection is in use.
| QMMM:
| QMMM: Timing diagonalization routines:
| QMMM:                              norbs =        6
| QMMM:    diag iterations used for timing =       20
| QMMM:
| QMMM:              Internal diag routine = 0.000043 seconds
| QMMM:                 Dspev diag routine = 0.023468 seconds
| QMMM:                Dspevd diag routine = 0.000220 seconds
| QMMM:                Dspevx diag routine = 0.000378 seconds
| QMMM:                 Dsyev diag routine = 0.000114 seconds
| QMMM:                Dsyevd diag routine = 0.000099 seconds
| QMMM:                Dsyevr diag routine = 0.000177 seconds
| QMMM:
| QMMM:                Pseudo diag routine = 0.000008 seconds
| QMMM:
| QMMM: Using internal diagonalization routine (diag_routine=1).

  QMMM: QM Region Cartesian Coordinates (*=link atom) 
  QMMM: QM_NO.   MM_NO.  ATOM         X         Y         Z
  QMMM:     1        1      O        1.0520   -0.0150   -0.0760
  QMMM:     2        2      H        0.7730   -0.6850   -0.7180
  QMMM:     3        3      H        2.0190   -0.0480   -0.1080

--------------------------------------------------------------------------------
  RESULTS
--------------------------------------------------------------------------------

  ... geometry converged !
 
 Final MO eigenvalues (eV):
 -36.4232  -18.1991  -14.9527  -12.4641    4.4177    6.1910

 Heat of formation   =        -59.22876954 kcal/mol  (       -2.56835218 eV)

 Total SCF energy    =      -8038.18880635 kcal/mol  (     -348.56202274 eV)
 Electronic energy   =     -11375.19386493 kcal/mol  (     -493.26542062 eV)
 Core-core repulsion =       3337.00505858 kcal/mol  (      144.70339788 eV)
 
    Atomic Charges for Step       1 :
  Atom    Element       Mulliken Charge
     1      O                 -0.383
     2      H                  0.191
     3      H                  0.191
 Total Mulliken Charge =      -0.000
 
                  X        Y        Z     TOTAL  
  QM DIPOLE     1.075   -1.096   -1.051    1.861
 
 Final Structure

  QMMM: QM Region Cartesian Coordinates (*=link atom) 
  QMMM: QM_NO.   MM_NO.  ATOM         X         Y         Z
  QMMM:     1        1      O        1.0522   -0.0156   -0.0766
  QMMM:     2        2      H        0.7795   -0.6812   -0.7144
  QMMM:     3        3      H        2.0123   -0.0512   -0.1110

           --------- Calculation Completed ----------

