
################################################################################

 PACKMOL - Packing optimization for the automated generation of
 starting configurations for molecular dynamics simulations.
 
                                                              Version 20.010 

################################################################################

  Packmol must be run with: packmol < inputfile.inp 

  Userguide at: http://m3g.iqm.unicamp.br/packmol 

  Reading input file... (Control-C aborts)
  Seed for random number generator:        17722
  Output file: output.pdb
  Reading coordinate file: MDAPMinput0.pdb
  Number of independent structures:            1
  The structures are: 
  Structure            1 :MDAPMinput0.pdb(           3  atoms)
  Maximum number of GENCAN loops for all molecule packing:          200
  Total number of restrictions:            1
  Distance tolerance:    2.0000000000000000     
  Warning: Type of residue numbering not set for structure            1
  Residue numbering set for structure            1 :           0
  Swap chains of molecules of structure            1 : F
  Number of molecules of type            1 :           32
  Total number of atoms:           96
  Total number of molecules:           32
  Number of fixed molecules:            0
  Number of free molecules:           32
  Number of variables:          192
  Total number of fixed atoms:            0
  Maximum internal distance of type            1 :    1.5310780515702000     
  All atoms must be within these coordinates: 
   x: [   -999.20000000000005      ,    1000.8000000000000       ] 
   y: [   -999.52792792792798      ,    1000.4720720720720       ] 
   z: [   -999.54954954954951      ,    1000.4504504504505       ] 
  If the system is larger than this, increase the sidemax parameter. 

################################################################################

  Building initial approximation ... 

################################################################################

  Adjusting initial point to fit the constraints 

--------------------------------------------------------------------------------

--------------------------------------------------------------------------------

  Molecules of type:            1

  Packing:|0                                                             100%|
          |***********************************

  Restraint-only function value:    7.4134038069408083E-003
  Maximum violation of the restraints:    6.3264697707227239E-003

--------------------------------------------------------------------------------

  Rescaling maximum and minimum coordinates... 
  Computing size of patches... 
  Add fixed molecules to permanent arrays... 
  Reseting center of mass... 

--------------------------------------------------------------------------------

  Setting initial trial coordinates ... 

--------------------------------------------------------------------------------

--------------------------------------------------------------------------------

  Molecules of type:            1
  Adjusting random positions to fit the constraints. 
  Packing:|0                                                             100%|
          |
  Restraint-only function value:    1.7542237566421867E-003
  Maximum violation of the restraints:    1.6330183673843690E-003

################################################################################

  Objective function at initial point:    811.68626315337951     

################################################################################

  Packing molecules of type:            1

################################################################################


--------------------------------------------------------------------------------

  Starting GENCAN loop:            0
  Scaling radii by:    1.1000000000000001     

  Packing:|0                                                             100%|
          |******************************************************************|
          |**************

  Function value from last GENCAN loop: f = .14002E-01
  Best function value before: f = .81169E+03
  Improvement from best function value:    99.99 %
  Improvement from last loop:    99.99 %
  Maximum violation of target distance:     0.000000
  Maximum violation of the constraints: .90247E-02
  Current structure written to file: output.pdb
--------------------------------------------------------------------------------
  Packing solved for molecules of type           1
  Objective function value:    1.4001956994849397E-002
  Maximum violation of target distance:    0.0000000000000000     
  Max. constraint violation:    9.0246632692085344E-003
--------------------------------------------------------------------------------

################################################################################

  Packing all molecules together 

################################################################################


  Initial approximation is a solution. Nothing to do. 

  Solution written to file: output.pdb

################################################################################

                                 Success! 
              Final objective function value: .36425E+00
              Maximum violation of target distance:   0.000000
              Maximum violation of the constraints: .90247E-02

--------------------------------------------------------------------------------

              Please cite this work if Packmol was useful: 

           L. Martinez, R. Andrade, E. G. Birgin, J. M. Martinez, 
         PACKMOL: A package for building initial configurations for
                   molecular dynamics simulations. 
          Journal of Computational Chemistry, 30:2157-2164,2009.

################################################################################

   Running time:    5.07700024E-03  seconds. 

--------------------------------------------------------------------------------


